<?xml version="1.0" encoding="UTF-8"?>
<testsuite name="com.bmcl.numbers.ListDeduplicatorTest" tests="2" skipped="0" failures="0" errors="0" timestamp="2024-10-15T21:40:16" hostname="DESKTOP-ECHP5B9" time="0.38">
  <properties/>
  <testcase name="deduplicate()" classname="com.bmcl.numbers.ListDeduplicatorTest" time="0.36"/>
  <testcase name="bug_deduplicate_8726()" classname="com.bmcl.numbers.ListDeduplicatorTest" time="0.018"/>
  <system-out><![CDATA[]]></system-out>
  <system-err><![CDATA[]]></system-err>
</testsuite>
