<?xml version="1.0" encoding="UTF-8"?>
<testsuite name="com.bmcl.numbers.ListFiltererTest" tests="1" skipped="0" failures="0" errors="0" timestamp="2024-10-15T21:40:17" hostname="DESKTOP-ECHP5B9" time="0.208">
  <properties/>
  <testcase name="filter()" classname="com.bmcl.numbers.ListFiltererTest" time="0.208"/>
  <system-out><![CDATA[]]></system-out>
  <system-err><![CDATA[]]></system-err>
</testsuite>
