<?xml version="1.0" encoding="UTF-8"?>
<testsuite name="com.bmcl.numbers.ListAggregatorTest" tests="6" skipped="0" failures="0" errors="0" timestamp="2024-10-15T21:40:13" hostname="DESKTOP-ECHP5B9" time="3.412">
  <properties/>
  <testcase name="max_bug_8726()" classname="com.bmcl.numbers.ListAggregatorTest" time="3.385"/>
  <testcase name="maxbug7263()" classname="com.bmcl.numbers.ListAggregatorTest" time="0.004"/>
  <testcase name="max()" classname="com.bmcl.numbers.ListAggregatorTest" time="0.002"/>
  <testcase name="min()" classname="com.bmcl.numbers.ListAggregatorTest" time="0.002"/>
  <testcase name="sum()" classname="com.bmcl.numbers.ListAggregatorTest" time="0.004"/>
  <testcase name="distinct()" classname="com.bmcl.numbers.ListAggregatorTest" time="0.003"/>
  <system-out><![CDATA[]]></system-out>
  <system-err><![CDATA[]]></system-err>
</testsuite>
