<?xml version="1.0" encoding="UTF-8"?>
<testsuite name="com.bmcl.numbers.DivisibleByFilterTest" tests="2" skipped="0" failures="0" errors="0" timestamp="2024-10-15T21:40:13" hostname="DESKTOP-ECHP5B9" time="0.104">
  <properties/>
  <testcase name="acceptDivideBy2()" classname="com.bmcl.numbers.DivisibleByFilterTest" time="0.096"/>
  <testcase name="acceptDivideBy3()" classname="com.bmcl.numbers.DivisibleByFilterTest" time="0.004"/>
  <system-out><![CDATA[]]></system-out>
  <system-err><![CDATA[]]></system-err>
</testsuite>
