<?xml version="1.0" encoding="UTF-8"?>
<testsuite name="com.bmcl.numbers.PositiveFilterTest" tests="1" skipped="0" failures="0" errors="0" timestamp="2024-10-15T21:40:17" hostname="DESKTOP-ECHP5B9" time="0.003">
  <properties/>
  <testcase name="accept()" classname="com.bmcl.numbers.PositiveFilterTest" time="0.003"/>
  <system-out><![CDATA[]]></system-out>
  <system-err><![CDATA[]]></system-err>
</testsuite>
